<?xml version="1.0" encoding="UTF-8"?>
<!-- Generated by org.testng.reporters.JUnitReportReporter -->
<testsuite hostname="DESKTOP-O5BAGMD" failures="0" tests="1" name="testPages.mamacitaTest" time="27.189" errors="0" timestamp="26 Jun 2019 12:04:20 GMT" skipped="0">
  <testcase classname="testPages.mamacitaTest" name="clickMamacitaTest" time="27.189"/>
</testsuite> <!-- testPages.mamacitaTest -->
