<?xml version="1.0" encoding="UTF-8"?>
<!-- Generated by org.testng.reporters.JUnitReportReporter -->
<testsuite hostname="DESKTOP-O5BAGMD" failures="0" tests="1" name="testPages.clubKitchenHomePageTest" time="33.020" errors="0" timestamp="26 Jun 2019 12:03:02 GMT" skipped="0">
  <testcase classname="testPages.clubKitchenHomePageTest" name="clickMamacitaTest" time="33.020"/>
</testsuite> <!-- testPages.clubKitchenHomePageTest -->
